0 verbose cli /usr/bin/node /usr/bin/npm
1 info using npm@10.9.2
2 info using node@v22.17.1
3 silly config load:file:/usr/lib/node_modules/npm/npmrc
4 silly config load:file:/root/.npmrc
5 silly config load:file:/usr/etc/npmrc
6 verbose title npm install yarn
7 verbose argv "install" "--global" "yarn"
8 verbose logfile logs-max:10 dir:/root/.npm/_logs/2025-07-28T07_16_40_277Z-
9 verbose logfile /root/.npm/_logs/2025-07-28T07_16_40_277Z-debug-0.log
10 silly packumentCache heap:2103705600 maxSize:525926400 maxEntrySize:262963200
11 silly logfile done cleaning log files
12 silly idealTree buildDeps
13 silly fetch manifest yarn@*
14 silly packumentCache full:https://registry.npmjs.org/yarn cache-miss
15 http fetch GET 200 https://registry.npmjs.org/yarn 86ms (cache miss)
16 silly packumentCache full:https://registry.npmjs.org/yarn set size:undefined disposed:false
17 silly placeDep ROOT yarn@1.22.22 OK for:  want: *
18 silly reify moves {}
19 http fetch GET 200 https://registry.npmjs.org/npm 147ms
20 http cache yarn@https://registry.npmjs.org/yarn/-/yarn-1.22.22.tgz 0ms (cache hit)
21 silly tarball no local data for yarn@https://registry.npmjs.org/yarn/-/yarn-1.22.22.tgz. Extracting by manifest.
22 http fetch GET 200 https://registry.npmjs.org/yarn/-/yarn-1.22.22.tgz 131ms (cache miss)
23 info run yarn@1.22.22 preinstall node_modules/yarn :; (node ./preinstall.js > /dev/null 2>&1 || true)
24 info run yarn@1.22.22 preinstall { code: 0, signal: null }
25 silly ADD node_modules/yarn
26 verbose cwd /root
27 verbose os Linux 6.8.0-48-generic
28 verbose node v22.17.1
29 verbose npm  v10.9.2
30 notice
30 notice New [31mmajor[39m version of npm available! [31m10.9.2[39m -> [34m11.5.1[39m
30 notice Changelog: [34mhttps://github.com/npm/cli/releases/tag/v11.5.1[39m
30 notice To update run: [4mnpm install -g npm@11.5.1[24m
30 notice  { force: true, [Symbol(proc-log.meta)]: true }
31 verbose exit 0
32 info ok
